0 info it worked if it ends with ok
1 verbose cli [ '/Users/yamadanoriaki/.nodebrew/node/v5.12.0/bin/node',
1 verbose cli   '/Users/yamadanoriaki/.nodebrew/current/bin/npm',
1 verbose cli   'run',
1 verbose cli   'build' ]
2 info using npm@3.8.6
3 info using node@v5.12.0
4 verbose run-script [ 'prebuild', 'build', 'postbuild' ]
5 info lifecycle new-site@1.1.1~prebuild: new-site@1.1.1
6 silly lifecycle new-site@1.1.1~prebuild: no script for prebuild, continuing
7 info lifecycle new-site@1.1.1~build: new-site@1.1.1
8 verbose lifecycle new-site@1.1.1~build: unsafe-perm in lifecycle true
9 verbose lifecycle new-site@1.1.1~build: PATH: /Users/yamadanoriaki/.nodebrew/node/v5.12.0/lib/node_modules/npm/bin/node-gyp-bin:/Users/yamadanoriaki/git/new-site/node_modules/.bin:/Users/yamadanoriaki/.nodebrew/node/v5.12.0/bin:/Users/yamadanoriaki/.rbenv/shims:/Users/yamadanoriaki/.rbenv/bin:/Users/yamadanoriaki/.nodebrew/current/bin:/Users/yamadanoriaki/.rbenv/shims:/usr/local/bin:/usr/bin:/bin:/usr/sbin:/sbin
10 verbose lifecycle new-site@1.1.1~build: CWD: /Users/yamadanoriaki/git/new-site
11 silly lifecycle new-site@1.1.1~build: Args: [ '-c', 'gulp build' ]
12 silly lifecycle new-site@1.1.1~build: Returned: code: 1  signal: null
13 info lifecycle new-site@1.1.1~build: Failed to exec build script
14 verbose stack Error: new-site@1.1.1 build: `gulp build`
14 verbose stack Exit status 1
14 verbose stack     at EventEmitter.<anonymous> (/Users/yamadanoriaki/.nodebrew/node/v5.12.0/lib/node_modules/npm/lib/utils/lifecycle.js:239:16)
14 verbose stack     at emitTwo (events.js:100:13)
14 verbose stack     at EventEmitter.emit (events.js:185:7)
14 verbose stack     at ChildProcess.<anonymous> (/Users/yamadanoriaki/.nodebrew/node/v5.12.0/lib/node_modules/npm/lib/utils/spawn.js:24:14)
14 verbose stack     at emitTwo (events.js:100:13)
14 verbose stack     at ChildProcess.emit (events.js:185:7)
14 verbose stack     at maybeClose (internal/child_process.js:850:16)
14 verbose stack     at Process.ChildProcess._handle.onexit (internal/child_process.js:215:5)
15 verbose pkgid new-site@1.1.1
16 verbose cwd /Users/yamadanoriaki/git/new-site
17 error Darwin 14.5.0
18 error argv "/Users/yamadanoriaki/.nodebrew/node/v5.12.0/bin/node" "/Users/yamadanoriaki/.nodebrew/current/bin/npm" "run" "build"
19 error node v5.12.0
20 error npm  v3.8.6
21 error code ELIFECYCLE
22 error new-site@1.1.1 build: `gulp build`
22 error Exit status 1
23 error Failed at the new-site@1.1.1 build script 'gulp build'.
23 error Make sure you have the latest version of node.js and npm installed.
23 error If you do, this is most likely a problem with the new-site package,
23 error not with npm itself.
23 error Tell the author that this fails on your system:
23 error     gulp build
23 error You can get information on how to open an issue for this project with:
23 error     npm bugs new-site
23 error Or if that isn't available, you can get their info via:
23 error     npm owner ls new-site
23 error There is likely additional logging output above.
24 verbose exit [ 1, true ]
